<?xml version="1.0" encoding="UTF-8"?>
<testsuite xmlns:xsi="http://www.w3.org/2001/XMLSchema-instance" xsi:noNamespaceSchemaLocation="https://maven.apache.org/surefire/maven-surefire-plugin/xsd/surefire-test-report.xsd" name="TestSuite" time="934.918" tests="10" errors="0" skipped="0" failures="0">
  <properties>
[...]
</properties>
  <testcase name="HCPRegister" classname="HCPRegisterTest" time="126.102"/>
  <testcase name="openHomepage" classname="OpenHomepageTest" time="13.286"/>
  <testcase name="loginTestPositive" classname="LoginTestPositiveHCP" time="19.756"/>
  <testcase name="CreatePatientTest" classname="CreatePatientTest" time="34.774"/>
  <testcase name="CreateRegimenTest" classname="CreateRegimenTest" time="103.336"/>
  <testcase name="LoginTestNegative" classname="LoginTestNegative" time="21.297"/>
  <testcase name="PrintRegimenTest" classname="PrintRegimenTest" time="133.655"/>
  <testcase name="IARegisterTest" classname="IARegisterTest" time="106.002"/>
  <testcase name="NutritionProductsTest" classname="NutritionProductsTest" time="118.132"/>
  <testcase name="CreateCarerTest" classname="CreateCarerTest" time="114.381"/>
</testsuite>