<?xml version="1.0" encoding="UTF-8"?>
<testng-results skipped="0" failed="0" ignored="0" total="10" passed="10">
  <reporter-output>
  </reporter-output>
  <suite name="Smoke" duration-ms="927627" started-at="2018-08-31T13:46:24Z" finished-at="2018-08-31T14:01:51Z">
    <groups>
    </groups>
    <test name="HCPRegisterTest" duration-ms="139198" started-at="2018-08-31T13:46:24Z" finished-at="2018-08-31T13:48:43Z">
      <class name="HCPRegisterTest">
        <test-method status="PASS" signature="methodSetUp()[pri:0, instance:HCPRegisterTest@1786dec2]" name="methodSetUp" is-config="true" duration-ms="11834" started-at="2018-08-31T16:46:24Z" finished-at="2018-08-31T16:46:36Z">
          <reporter-output>
          </reporter-output>
        </test-method> <!-- methodSetUp -->
        <test-method status="PASS" signature="setEnv()[pri:0, instance:HCPRegisterTest@1786dec2]" name="setEnv" is-config="true" duration-ms="0" started-at="2018-08-31T16:46:36Z" finished-at="2018-08-31T16:46:36Z">
          <reporter-output>
          </reporter-output>
        </test-method> <!-- setEnv -->
        <test-method status="PASS" signature="HCPRegister()[pri:0, instance:HCPRegisterTest@1786dec2]" name="HCPRegister" duration-ms="126102" started-at="2018-08-31T16:46:36Z" finished-at="2018-08-31T16:48:42Z">
          <reporter-output>
          </reporter-output>
        </test-method> <!-- HCPRegister -->
        <test-method status="PASS" signature="methodTearDown()[pri:0, instance:HCPRegisterTest@1786dec2]" name="methodTearDown" is-config="true" duration-ms="1243" started-at="2018-08-31T16:48:42Z" finished-at="2018-08-31T16:48:43Z">
          <reporter-output>
          </reporter-output>
        </test-method> <!-- methodTearDown -->
      </class> <!-- HCPRegisterTest -->
    </test> <!-- HCPRegisterTest -->
    <test name="OpenHomepageTest" duration-ms="24433" started-at="2018-08-31T13:48:43Z" finished-at="2018-08-31T13:49:07Z">
      <class name="OpenHomepageTest">
        <test-method status="PASS" signature="methodSetUp()[pri:0, instance:OpenHomepageTest@528931cf]" name="methodSetUp" is-config="true" duration-ms="9881" started-at="2018-08-31T16:48:43Z" finished-at="2018-08-31T16:48:53Z">
          <reporter-output>
          </reporter-output>
        </test-method> <!-- methodSetUp -->
        <test-method status="PASS" signature="setEnv()[pri:0, instance:OpenHomepageTest@528931cf]" name="setEnv" is-config="true" duration-ms="0" started-at="2018-08-31T16:48:53Z" finished-at="2018-08-31T16:48:53Z">
          <reporter-output>
          </reporter-output>
        </test-method> <!-- setEnv -->
        <test-method status="PASS" signature="openHomepage()[pri:0, instance:OpenHomepageTest@528931cf]" name="openHomepage" duration-ms="13286" started-at="2018-08-31T16:48:53Z" finished-at="2018-08-31T16:49:06Z">
          <reporter-output>
          </reporter-output>
        </test-method> <!-- openHomepage -->
        <test-method status="PASS" signature="methodTearDown()[pri:0, instance:OpenHomepageTest@528931cf]" name="methodTearDown" is-config="true" duration-ms="1265" started-at="2018-08-31T16:49:06Z" finished-at="2018-08-31T16:49:07Z">
          <reporter-output>
          </reporter-output>
        </test-method> <!-- methodTearDown -->
      </class> <!-- OpenHomepageTest -->
    </test> <!-- OpenHomepageTest -->
    <test name="LoginTestPositive" duration-ms="31248" started-at="2018-08-31T13:49:07Z" finished-at="2018-08-31T13:49:39Z">
      <class name="LoginTestPositiveHCP">
        <test-method status="PASS" signature="methodSetUp()[pri:0, instance:LoginTestPositiveHCP@76b0bfab]" name="methodSetUp" is-config="true" duration-ms="10434" started-at="2018-08-31T16:49:07Z" finished-at="2018-08-31T16:49:18Z">
          <reporter-output>
          </reporter-output>
        </test-method> <!-- methodSetUp -->
        <test-method status="PASS" signature="setEnv()[pri:0, instance:LoginTestPositiveHCP@76b0bfab]" name="setEnv" is-config="true" duration-ms="0" started-at="2018-08-31T16:49:18Z" finished-at="2018-08-31T16:49:18Z">
          <reporter-output>
          </reporter-output>
        </test-method> <!-- setEnv -->
        <test-method status="PASS" signature="loginTestPositive()[pri:0, instance:LoginTestPositiveHCP@76b0bfab]" name="loginTestPositive" duration-ms="19757" started-at="2018-08-31T16:49:18Z" finished-at="2018-08-31T16:49:38Z">
          <reporter-output>
          </reporter-output>
        </test-method> <!-- loginTestPositive -->
        <test-method status="PASS" signature="methodTearDown()[pri:0, instance:LoginTestPositiveHCP@76b0bfab]" name="methodTearDown" is-config="true" duration-ms="1057" started-at="2018-08-31T16:49:38Z" finished-at="2018-08-31T16:49:39Z">
          <reporter-output>
          </reporter-output>
        </test-method> <!-- methodTearDown -->
      </class> <!-- LoginTestPositiveHCP -->
    </test> <!-- LoginTestPositive -->
    <test name="CreatePatientTest" duration-ms="47276" started-at="2018-08-31T13:49:39Z" finished-at="2018-08-31T13:50:26Z">
      <class name="CreatePatientTest">
        <test-method status="PASS" signature="methodSetUp()[pri:0, instance:CreatePatientTest@86be70a]" name="methodSetUp" is-config="true" duration-ms="11281" started-at="2018-08-31T16:49:39Z" finished-at="2018-08-31T16:49:50Z">
          <reporter-output>
          </reporter-output>
        </test-method> <!-- methodSetUp -->
        <test-method status="PASS" signature="setEnv()[pri:0, instance:CreatePatientTest@86be70a]" name="setEnv" is-config="true" duration-ms="0" started-at="2018-08-31T16:49:50Z" finished-at="2018-08-31T16:49:50Z">
          <reporter-output>
          </reporter-output>
        </test-method> <!-- setEnv -->
        <test-method status="PASS" signature="CreatePatientTest()[pri:2, instance:CreatePatientTest@86be70a]" name="CreatePatientTest" duration-ms="34774" started-at="2018-08-31T16:49:50Z" finished-at="2018-08-31T16:50:25Z">
          <reporter-output>
          </reporter-output>
        </test-method> <!-- CreatePatientTest -->
        <test-method status="PASS" signature="methodTearDown()[pri:0, instance:CreatePatientTest@86be70a]" name="methodTearDown" is-config="true" duration-ms="1220" started-at="2018-08-31T16:50:25Z" finished-at="2018-08-31T16:50:26Z">
          <reporter-output>
          </reporter-output>
        </test-method> <!-- methodTearDown -->
      </class> <!-- CreatePatientTest -->
    </test> <!-- CreatePatientTest -->
    <test name="CreateRegimenTest" duration-ms="119216" started-at="2018-08-31T13:50:26Z" finished-at="2018-08-31T13:52:25Z">
      <class name="CreateRegimenTest">
        <test-method status="PASS" signature="methodSetUp()[pri:0, instance:CreateRegimenTest@7e2d773b]" name="methodSetUp" is-config="true" duration-ms="14508" started-at="2018-08-31T16:50:26Z" finished-at="2018-08-31T16:50:41Z">
          <reporter-output>
          </reporter-output>
        </test-method> <!-- methodSetUp -->
        <test-method status="PASS" signature="setEnv()[pri:0, instance:CreateRegimenTest@7e2d773b]" name="setEnv" is-config="true" duration-ms="0" started-at="2018-08-31T16:50:41Z" finished-at="2018-08-31T16:50:41Z">
          <reporter-output>
          </reporter-output>
        </test-method> <!-- setEnv -->
        <test-method status="PASS" signature="CreateRegimenTest()[pri:3, instance:CreateRegimenTest@7e2d773b]" name="CreateRegimenTest" duration-ms="103336" started-at="2018-08-31T16:50:41Z" finished-at="2018-08-31T16:52:24Z">
          <reporter-output>
          </reporter-output>
        </test-method> <!-- CreateRegimenTest -->
        <test-method status="PASS" signature="methodTearDown()[pri:0, instance:CreateRegimenTest@7e2d773b]" name="methodTearDown" is-config="true" duration-ms="1372" started-at="2018-08-31T16:52:24Z" finished-at="2018-08-31T16:52:25Z">
          <reporter-output>
          </reporter-output>
        </test-method> <!-- methodTearDown -->
      </class> <!-- CreateRegimenTest -->
    </test> <!-- CreateRegimenTest -->
    <test name="LoginTestNegative" duration-ms="36394" started-at="2018-08-31T13:52:25Z" finished-at="2018-08-31T13:53:02Z">
      <class name="LoginTestNegative">
        <test-method status="PASS" signature="methodSetUp()[pri:0, instance:LoginTestNegative@42f93a98]" name="methodSetUp" is-config="true" duration-ms="13819" started-at="2018-08-31T16:52:25Z" finished-at="2018-08-31T16:52:39Z">
          <reporter-output>
          </reporter-output>
        </test-method> <!-- methodSetUp -->
        <test-method status="PASS" signature="setEnv()[pri:0, instance:LoginTestNegative@42f93a98]" name="setEnv" is-config="true" duration-ms="0" started-at="2018-08-31T16:52:39Z" finished-at="2018-08-31T16:52:39Z">
          <reporter-output>
          </reporter-output>
        </test-method> <!-- setEnv -->
        <test-method status="PASS" signature="LoginTestNegative()[pri:0, instance:LoginTestNegative@42f93a98]" name="LoginTestNegative" duration-ms="21298" started-at="2018-08-31T16:52:39Z" finished-at="2018-08-31T16:53:00Z">
          <reporter-output>
          </reporter-output>
        </test-method> <!-- LoginTestNegative -->
        <test-method status="PASS" signature="methodTearDown()[pri:0, instance:LoginTestNegative@42f93a98]" name="methodTearDown" is-config="true" duration-ms="1277" started-at="2018-08-31T16:53:00Z" finished-at="2018-08-31T16:53:02Z">
          <reporter-output>
          </reporter-output>
        </test-method> <!-- methodTearDown -->
      </class> <!-- LoginTestNegative -->
    </test> <!-- LoginTestNegative -->
    <test name="PrintRegimenTest" duration-ms="149031" started-at="2018-08-31T13:53:02Z" finished-at="2018-08-31T13:55:31Z">
      <class name="PrintRegimenTest">
        <test-method status="PASS" signature="methodSetUp()[pri:0, instance:PrintRegimenTest@436e852b]" name="methodSetUp" is-config="true" duration-ms="14041" started-at="2018-08-31T16:53:02Z" finished-at="2018-08-31T16:53:16Z">
          <reporter-output>
          </reporter-output>
        </test-method> <!-- methodSetUp -->
        <test-method status="PASS" signature="PrintRegimenTest()[pri:4, instance:PrintRegimenTest@436e852b]" name="PrintRegimenTest" duration-ms="133656" started-at="2018-08-31T16:53:16Z" finished-at="2018-08-31T16:55:29Z">
          <reporter-output>
          </reporter-output>
        </test-method> <!-- PrintRegimenTest -->
        <test-method status="PASS" signature="setEnv()[pri:0, instance:PrintRegimenTest@436e852b]" name="setEnv" is-config="true" duration-ms="0" started-at="2018-08-31T16:53:16Z" finished-at="2018-08-31T16:53:16Z">
          <reporter-output>
          </reporter-output>
        </test-method> <!-- setEnv -->
        <test-method status="PASS" signature="methodTearDown()[pri:0, instance:PrintRegimenTest@436e852b]" name="methodTearDown" is-config="true" duration-ms="1333" started-at="2018-08-31T16:55:29Z" finished-at="2018-08-31T16:55:31Z">
          <reporter-output>
          </reporter-output>
        </test-method> <!-- methodTearDown -->
      </class> <!-- PrintRegimenTest -->
    </test> <!-- PrintRegimenTest -->
    <test name="IARegisterTest" duration-ms="119168" started-at="2018-08-31T13:55:31Z" finished-at="2018-08-31T13:57:30Z">
      <class name="IARegisterTest">
        <test-method status="PASS" signature="methodSetUp()[pri:0, instance:IARegisterTest@38bc8ab5]" name="methodSetUp" is-config="true" duration-ms="11609" started-at="2018-08-31T16:55:31Z" finished-at="2018-08-31T16:55:42Z">
          <reporter-output>
          </reporter-output>
        </test-method> <!-- methodSetUp -->
        <test-method status="PASS" signature="setEnv()[pri:0, instance:IARegisterTest@38bc8ab5]" name="setEnv" is-config="true" duration-ms="1" started-at="2018-08-31T16:55:42Z" finished-at="2018-08-31T16:55:42Z">
          <reporter-output>
          </reporter-output>
        </test-method> <!-- setEnv -->
        <test-method status="PASS" signature="IARegisterTest()[pri:0, instance:IARegisterTest@38bc8ab5]" name="IARegisterTest" duration-ms="106002" started-at="2018-08-31T16:55:42Z" finished-at="2018-08-31T16:57:28Z">
          <reporter-output>
          </reporter-output>
        </test-method> <!-- IARegisterTest -->
        <test-method status="PASS" signature="methodTearDown()[pri:0, instance:IARegisterTest@38bc8ab5]" name="methodTearDown" is-config="true" duration-ms="1556" started-at="2018-08-31T16:57:28Z" finished-at="2018-08-31T16:57:30Z">
          <reporter-output>
          </reporter-output>
        </test-method> <!-- methodTearDown -->
      </class> <!-- IARegisterTest -->
    </test> <!-- IARegisterTest -->
    <test name="NutritionProductsTest" duration-ms="131160" started-at="2018-08-31T13:57:30Z" finished-at="2018-08-31T13:59:41Z">
      <class name="NutritionProductsTest">
        <test-method status="PASS" signature="methodSetUp()[pri:0, instance:NutritionProductsTest@29b5cd00]" name="methodSetUp" is-config="true" duration-ms="11887" started-at="2018-08-31T16:57:30Z" finished-at="2018-08-31T16:57:42Z">
          <reporter-output>
          </reporter-output>
        </test-method> <!-- methodSetUp -->
        <test-method status="PASS" signature="setEnv()[pri:0, instance:NutritionProductsTest@29b5cd00]" name="setEnv" is-config="true" duration-ms="0" started-at="2018-08-31T16:57:42Z" finished-at="2018-08-31T16:57:42Z">
          <reporter-output>
          </reporter-output>
        </test-method> <!-- setEnv -->
        <test-method status="PASS" signature="NutritionProductsTest()[pri:0, instance:NutritionProductsTest@29b5cd00]" name="NutritionProductsTest" duration-ms="118132" started-at="2018-08-31T16:57:42Z" finished-at="2018-08-31T16:59:40Z">
          <reporter-output>
          </reporter-output>
        </test-method> <!-- NutritionProductsTest -->
        <test-method status="PASS" signature="methodTearDown()[pri:0, instance:NutritionProductsTest@29b5cd00]" name="methodTearDown" is-config="true" duration-ms="1140" started-at="2018-08-31T16:59:40Z" finished-at="2018-08-31T16:59:41Z">
          <reporter-output>
          </reporter-output>
        </test-method> <!-- methodTearDown -->
      </class> <!-- NutritionProductsTest -->
    </test> <!-- NutritionProductsTest -->
    <test name="CreateCarerTest" duration-ms="130301" started-at="2018-08-31T13:59:41Z" finished-at="2018-08-31T14:01:51Z">
      <class name="CreateCarerTest">
        <test-method status="PASS" signature="methodSetUp()[pri:0, instance:CreateCarerTest@25af5db5]" name="methodSetUp" is-config="true" duration-ms="11224" started-at="2018-08-31T16:59:41Z" finished-at="2018-08-31T16:59:52Z">
          <reporter-output>
          </reporter-output>
        </test-method> <!-- methodSetUp -->
        <test-method status="PASS" signature="setEnv()[pri:0, instance:CreateCarerTest@25af5db5]" name="setEnv" is-config="true" duration-ms="0" started-at="2018-08-31T16:59:52Z" finished-at="2018-08-31T16:59:52Z">
          <reporter-output>
          </reporter-output>
        </test-method> <!-- setEnv -->
        <test-method status="PASS" signature="CreateCarerTest()[pri:3, instance:CreateCarerTest@25af5db5]" name="CreateCarerTest" duration-ms="114384" started-at="2018-08-31T16:59:52Z" finished-at="2018-08-31T17:01:47Z">
          <reporter-output>
          </reporter-output>
        </test-method> <!-- CreateCarerTest -->
        <test-method status="PASS" signature="methodTearDown()[pri:0, instance:CreateCarerTest@25af5db5]" name="methodTearDown" is-config="true" duration-ms="4692" started-at="2018-08-31T17:01:47Z" finished-at="2018-08-31T17:01:51Z">
          <reporter-output>
          </reporter-output>
        </test-method> <!-- methodTearDown -->
      </class> <!-- CreateCarerTest -->
    </test> <!-- CreateCarerTest -->
  </suite> <!-- Smoke -->
</testng-results>
